<?xml version="1.0" encoding="UTF-8"?>
<testng-results ignored="0" total="1" passed="1" failed="0" skipped="0">
  <reporter-output>
  </reporter-output>
  <suite started-at="2025-03-21T16:19:57 IST" name="Default suite" finished-at="2025-03-21T16:21:12 IST" duration-ms="74862">
    <groups>
    </groups>
    <test started-at="2025-03-21T16:19:57 IST" name="Default test" finished-at="2025-03-21T16:21:12 IST" duration-ms="74862">
      <class name="com.apcfss.tests.HomePageTest">
        <test-method is-config="true" signature="setUp()[pri:0, instance:com.apcfss.tests.HomePageTest@708f5957]" started-at="2025-03-21T16:19:57 IST" name="setUp" finished-at="2025-03-21T16:20:09 IST" duration-ms="11789" status="PASS">
          <reporter-output>
          </reporter-output>
        </test-method> <!-- setUp -->
        <test-method signature="test1()[pri:0, instance:com.apcfss.tests.HomePageTest@708f5957]" started-at="2025-03-21T16:20:09 IST" name="test1" finished-at="2025-03-21T16:21:11 IST" duration-ms="61734" status="PASS">
          <reporter-output>
          </reporter-output>
        </test-method> <!-- test1 -->
        <test-method is-config="true" signature="tearDown()[pri:0, instance:com.apcfss.tests.HomePageTest@708f5957]" started-at="2025-03-21T16:21:11 IST" name="tearDown" finished-at="2025-03-21T16:21:12 IST" duration-ms="1306" status="PASS">
          <reporter-output>
          </reporter-output>
        </test-method> <!-- tearDown -->
      </class> <!-- com.apcfss.tests.HomePageTest -->
    </test> <!-- Default test -->
  </suite> <!-- Default suite -->
</testng-results>
