<?xml version="1.0" encoding="UTF-8"?>
<testng-results ignored="0" total="2" passed="2" failed="0" skipped="0">
  <reporter-output>
  </reporter-output>
  <suite started-at="2025-03-19T18:40:31 IST" name="Suite" finished-at="2025-03-19T18:41:18 IST" duration-ms="47334">
    <groups>
    </groups>
    <test started-at="2025-03-19T18:40:31 IST" name="Test" finished-at="2025-03-19T18:41:18 IST" duration-ms="47334">
      <class name="com.apcfss.tests.HomePageTest">
        <test-method is-config="true" signature="setUp()[pri:0, instance:com.apcfss.tests.HomePageTest@c33b74f]" started-at="2025-03-19T18:40:31 IST" name="setUp" finished-at="2025-03-19T18:41:07 IST" duration-ms="36161" status="PASS">
          <reporter-output>
          </reporter-output>
        </test-method> <!-- setUp -->
        <test-method signature="test1()[pri:0, instance:com.apcfss.tests.HomePageTest@c33b74f]" started-at="2025-03-19T18:41:07 IST" name="test1" finished-at="2025-03-19T18:41:15 IST" duration-ms="7670" status="PASS">
          <reporter-output>
          </reporter-output>
        </test-method> <!-- test1 -->
        <test-method is-config="true" signature="tearDown()[pri:0, instance:com.apcfss.tests.HomePageTest@c33b74f]" started-at="2025-03-19T18:41:15 IST" name="tearDown" finished-at="2025-03-19T18:41:18 IST" duration-ms="3035" status="PASS">
          <reporter-output>
          </reporter-output>
        </test-method> <!-- tearDown -->
      </class> <!-- com.apcfss.tests.HomePageTest -->
      <class name="com.apcfss.tests.LoginPageTest">
        <test-method is-config="true" signature="setUp()[pri:0, instance:com.apcfss.tests.LoginPageTest@35ef1869]" started-at="2025-03-19T18:40:31 IST" name="setUp" finished-at="2025-03-19T18:41:07 IST" duration-ms="36151" status="PASS">
          <reporter-output>
          </reporter-output>
        </test-method> <!-- setUp -->
        <test-method signature="test1()[pri:0, instance:com.apcfss.tests.LoginPageTest@35ef1869]" started-at="2025-03-19T18:41:07 IST" name="test1" finished-at="2025-03-19T18:41:16 IST" duration-ms="8664" status="PASS">
          <reporter-output>
          </reporter-output>
        </test-method> <!-- test1 -->
        <test-method is-config="true" signature="tearDown()[pri:0, instance:com.apcfss.tests.LoginPageTest@35ef1869]" started-at="2025-03-19T18:41:16 IST" name="tearDown" finished-at="2025-03-19T18:41:18 IST" duration-ms="2486" status="PASS">
          <reporter-output>
          </reporter-output>
        </test-method> <!-- tearDown -->
      </class> <!-- com.apcfss.tests.LoginPageTest -->
    </test> <!-- Test -->
  </suite> <!-- Suite -->
</testng-results>
